[0.406s] DEBUG:colcon:Command line arguments: ['/usr/bin/colcon', 'build']
[0.406s] DEBUG:colcon:Parsed command line arguments: Namespace(log_base=None, log_level=None, verb_name='build', build_base='build', install_base='install', merge_install=False, symlink_install=False, test_result_base=None, continue_on_error=False, executor='parallel', parallel_workers=8, event_handlers=None, ignore_user_meta=False, metas=['./colcon.meta'], base_paths=['.'], packages_ignore=None, packages_ignore_regex=None, paths=None, packages_up_to=None, packages_up_to_regex=None, packages_above=None, packages_above_and_dependencies=None, packages_above_depth=None, packages_select_by_dep=None, packages_skip_by_dep=None, packages_skip_up_to=None, packages_select_build_failed=False, packages_skip_build_finished=False, packages_select_test_failures=False, packages_skip_test_passed=False, packages_select=None, packages_skip=None, packages_select_regex=None, packages_skip_regex=None, packages_start=None, packages_end=None, allow_overriding=[], cmake_args=None, cmake_target=None, cmake_target_skip_unavailable=False, cmake_clean_cache=False, cmake_clean_first=False, cmake_force_configure=False, ament_cmake_args=None, catkin_cmake_args=None, catkin_skip_building_tests=False, verb_parser=<colcon_defaults.argument_parser.defaults.DefaultArgumentsDecorator object at 0x773886468370>, verb_extension=<colcon_core.verb.build.BuildVerb object at 0x77388642bdf0>, main=<bound method BuildVerb.main of <colcon_core.verb.build.BuildVerb object at 0x77388642bdf0>>)
[6.074s] Level 1:colcon.colcon_core.package_discovery:discover_packages(colcon_meta) check parameters
[6.074s] Level 1:colcon.colcon_core.package_discovery:discover_packages(recursive) check parameters
[6.074s] Level 1:colcon.colcon_core.package_discovery:discover_packages(ignore) check parameters
[6.074s] Level 1:colcon.colcon_core.package_discovery:discover_packages(path) check parameters
[6.074s] Level 1:colcon.colcon_core.package_discovery:discover_packages(colcon_meta) discover
[6.074s] Level 1:colcon.colcon_core.package_discovery:discover_packages(recursive) discover
[6.074s] INFO:colcon.colcon_core.package_discovery:Crawling recursively for packages in '/home/arshath/turtlebot3_ws'
[6.074s] Level 1:colcon.colcon_core.package_identification:_identify(.) by extensions ['ignore', 'ignore_ament_install']
[6.075s] Level 1:colcon.colcon_core.package_identification:_identify(.) by extension 'ignore'
[6.075s] Level 1:colcon.colcon_core.package_identification:_identify(.) by extension 'ignore_ament_install'
[6.075s] Level 1:colcon.colcon_core.package_identification:_identify(.) by extensions ['colcon_pkg']
[6.075s] Level 1:colcon.colcon_core.package_identification:_identify(.) by extension 'colcon_pkg'
[6.075s] Level 1:colcon.colcon_core.package_identification:_identify(.) by extensions ['colcon_meta']
[6.075s] Level 1:colcon.colcon_core.package_identification:_identify(.) by extension 'colcon_meta'
[6.075s] Level 1:colcon.colcon_core.package_identification:_identify(.) by extensions ['ros']
[6.075s] Level 1:colcon.colcon_core.package_identification:_identify(.) by extension 'ros'
[6.091s] Level 1:colcon.colcon_core.package_identification:_identify(.) by extensions ['cmake', 'python']
[6.091s] Level 1:colcon.colcon_core.package_identification:_identify(.) by extension 'cmake'
[6.091s] Level 1:colcon.colcon_core.package_identification:_identify(.) by extension 'python'
[6.091s] Level 1:colcon.colcon_core.package_identification:_identify(.) by extensions ['python_setup_py']
[6.092s] Level 1:colcon.colcon_core.package_identification:_identify(.) by extension 'python_setup_py'
[6.092s] Level 1:colcon.colcon_core.package_identification:_identify(build) by extensions ['ignore', 'ignore_ament_install']
[6.092s] Level 1:colcon.colcon_core.package_identification:_identify(build) by extension 'ignore'
[6.092s] Level 1:colcon.colcon_core.package_identification:_identify(build) ignored
[6.092s] Level 1:colcon.colcon_core.package_identification:_identify(install) by extensions ['ignore', 'ignore_ament_install']
[6.092s] Level 1:colcon.colcon_core.package_identification:_identify(install) by extension 'ignore'
[6.092s] Level 1:colcon.colcon_core.package_identification:_identify(install) ignored
[6.092s] Level 1:colcon.colcon_core.package_identification:_identify(log) by extensions ['ignore', 'ignore_ament_install']
[6.092s] Level 1:colcon.colcon_core.package_identification:_identify(log) by extension 'ignore'
[6.092s] Level 1:colcon.colcon_core.package_identification:_identify(log) ignored
[6.092s] Level 1:colcon.colcon_core.package_identification:_identify(src) by extensions ['ignore', 'ignore_ament_install']
[6.092s] Level 1:colcon.colcon_core.package_identification:_identify(src) by extension 'ignore'
[6.092s] Level 1:colcon.colcon_core.package_identification:_identify(src) by extension 'ignore_ament_install'
[6.092s] Level 1:colcon.colcon_core.package_identification:_identify(src) by extensions ['colcon_pkg']
[6.092s] Level 1:colcon.colcon_core.package_identification:_identify(src) by extension 'colcon_pkg'
[6.092s] Level 1:colcon.colcon_core.package_identification:_identify(src) by extensions ['colcon_meta']
[6.092s] Level 1:colcon.colcon_core.package_identification:_identify(src) by extension 'colcon_meta'
[6.092s] Level 1:colcon.colcon_core.package_identification:_identify(src) by extensions ['ros']
[6.092s] Level 1:colcon.colcon_core.package_identification:_identify(src) by extension 'ros'
[6.092s] Level 1:colcon.colcon_core.package_identification:_identify(src) by extensions ['cmake', 'python']
[6.092s] Level 1:colcon.colcon_core.package_identification:_identify(src) by extension 'cmake'
[6.092s] Level 1:colcon.colcon_core.package_identification:_identify(src) by extension 'python'
[6.092s] Level 1:colcon.colcon_core.package_identification:_identify(src) by extensions ['python_setup_py']
[6.092s] Level 1:colcon.colcon_core.package_identification:_identify(src) by extension 'python_setup_py'
[6.092s] Level 1:colcon.colcon_core.package_discovery:discover_packages(recursive) using defaults
[6.092s] Level 1:colcon.colcon_core.package_discovery:discover_packages(ignore) discover
[6.092s] Level 1:colcon.colcon_core.package_discovery:discover_packages(ignore) using defaults
[6.092s] Level 1:colcon.colcon_core.package_discovery:discover_packages(path) discover
[6.092s] Level 1:colcon.colcon_core.package_discovery:discover_packages(path) using defaults
[6.362s] Level 1:colcon.colcon_core.package_discovery:discover_packages(prefix_path) check parameters
[6.362s] Level 1:colcon.colcon_core.package_discovery:discover_packages(prefix_path) discover
[6.378s] DEBUG:colcon.colcon_installed_package_information.package_discovery:Found 1 installed packages in /home/arshath/turtlebot3_wss/install
[6.380s] DEBUG:colcon.colcon_installed_package_information.package_discovery:Found 423 installed packages in /opt/ros/humble
[6.397s] Level 1:colcon.colcon_core.package_discovery:discover_packages(prefix_path) using defaults
[6.459s] INFO:colcon.colcon_core.executor:Executing jobs using 'parallel' executor
[6.460s] DEBUG:colcon.colcon_parallel_executor.executor.parallel:run_until_complete
[6.460s] DEBUG:colcon.colcon_parallel_executor.executor.parallel:closing loop
[6.461s] DEBUG:colcon.colcon_parallel_executor.executor.parallel:loop closed
[6.461s] DEBUG:colcon.colcon_parallel_executor.executor.parallel:run_until_complete finished with '0'
[6.461s] DEBUG:colcon.colcon_core.event_reactor:joining thread
[6.524s] INFO:colcon.colcon_core.plugin_system:Skipping extension 'colcon_notification.desktop_notification.terminal_notifier': Not used on non-Darwin systems
[6.524s] INFO:colcon.colcon_core.plugin_system:Skipping extension 'colcon_notification.desktop_notification.win32': Not used on non-Windows systems
[6.524s] INFO:colcon.colcon_notification.desktop_notification:Sending desktop notification using 'notify2'
[6.537s] DEBUG:colcon.colcon_core.event_reactor:joined thread
[6.622s] INFO:colcon.colcon_core.plugin_system:Skipping extension 'colcon_core.shell.bat': Not used on non-Windows systems
[6.622s] INFO:colcon.colcon_core.shell:Creating prefix script '/home/arshath/turtlebot3_ws/install/local_setup.ps1'
[6.649s] INFO:colcon.colcon_core.shell:Creating prefix util module '/home/arshath/turtlebot3_ws/install/_local_setup_util_ps1.py'
[6.661s] INFO:colcon.colcon_core.shell:Creating prefix chain script '/home/arshath/turtlebot3_ws/install/setup.ps1'
[6.662s] INFO:colcon.colcon_core.shell:Creating prefix script '/home/arshath/turtlebot3_ws/install/local_setup.sh'
[6.674s] INFO:colcon.colcon_core.shell:Creating prefix util module '/home/arshath/turtlebot3_ws/install/_local_setup_util_sh.py'
[6.675s] INFO:colcon.colcon_core.shell:Creating prefix chain script '/home/arshath/turtlebot3_ws/install/setup.sh'
[6.676s] INFO:colcon.colcon_core.shell:Creating prefix script '/home/arshath/turtlebot3_ws/install/local_setup.bash'
[6.700s] INFO:colcon.colcon_core.shell:Creating prefix chain script '/home/arshath/turtlebot3_ws/install/setup.bash'
[6.702s] INFO:colcon.colcon_core.shell:Creating prefix script '/home/arshath/turtlebot3_ws/install/local_setup.zsh'
[6.716s] INFO:colcon.colcon_core.shell:Creating prefix chain script '/home/arshath/turtlebot3_ws/install/setup.zsh'
